2020-12-28 17:00:49,165 ERROR file_work.py - __check_is_dir - Это не папка, а файл ar
2020-12-28 17:00:49,166 INFO good_info.py - get_from_file - Формирование списка GoodInfoList
2020-12-28 17:00:49,178 ERROR good_info.py - __check_date - Дата поставки меньше текущей!
2020-12-28 17:00:49,179 ERROR good_info.py - get_from_file - Следующая строка не была обработана: груши Новая зеландия 1кг:60:120:2020-12-09:21

2020-12-28 17:00:49,180 ERROR good_info.py - get_from_file - Следующая строка не была обработана: капуста белокочанная 1кг:60:50:30

2020-12-28 17:00:49,180 ERROR good_info.py - get_from_file - Следующая строка не была обработана: апельсины КНР 1кг:60:120:2020-12-30:-30

2020-12-28 17:00:49,180 ERROR good_info.py - get_from_file - Следующая строка не была обработана: ::::
2020-12-28 17:00:49,180 INFO good_info.py - __getitem__ - Получение из GoodInfoList по ключу сушки 1кг.
2020-12-28 17:00:49,180 INFO good_info.py - __len__ - Длина списка: 1
2020-12-28 17:00:49,181 INFO good_info.py - check_date_manafucture_list - Проверка на истечение срока годности
2020-12-28 17:00:49,181 INFO good_info.py - get_value_info - Количество 46, средняя цена 97.95652173913044
2020-12-28 17:00:49,181 INFO good_info.py - get_std - Стандартное отклонение: 94.65772586621006
2020-12-28 17:00:49,181 INFO good_info.py - get_value_info - Количество 46, средняя цена 97.95652173913044
2020-12-28 17:00:49,181 INFO good_info.py - get_std - Стандартное отклонение: 94.65772586621006
2020-12-28 17:00:49,182 INFO good_info.py - remove_last - Удаление последнего товара из списка
2020-12-28 17:00:49,182 INFO good_info.py - remove - Удаление объекта с именем: яблоки Новая Зеландия 1кг
2020-12-28 17:00:49,182 INFO good_info.py - remove - Удаленный товар: яблоки Новая Зеландия 1кг : (Количество) 120 (Цена) 60 
                 (Дата) 2020-12-30 00:00:00 (Срок годности) 21 

2020-12-28 17:00:49,182 INFO good_info.py - __len__ - Длина списка: 45
2020-12-28 17:00:49,182 INFO good_info.py - sort - Сортировка по ключу price
2020-12-28 17:00:49,185 INFO good_info.py - remove_expensive - Удаление из списка самого дорогого товара
2020-12-28 17:00:49,185 INFO good_info.py - get_list_most_expensive - Получение списка с самыми дорогими товарами
2020-12-28 17:00:49,185 INFO good_info.py - get_list_most_expensive - Получение списка с самыми дорогими товарами
2020-12-28 17:00:49,186 INFO good_info.py - get_list_with_cheap_goods - Получение списка с самыми дешевыми товарами
2020-12-28 17:00:49,186 INFO good_info.py - get_list_ending_goods - Получение списка с заканчивающимися товарами
2020-12-28 17:00:49,186 INFO good_info.py - get_value_info - Количество 44, средняя цена 91.95454545454545
2020-12-28 17:00:49,187 INFO good_info.py - __len__ - Длина списка: 44
2020-12-28 17:00:49,188 INFO file_work.py - __del__ - Удаление объекта FileWork
2020-12-28 17:02:56,694 ERROR file_work.py - __check_is_dir - Это не папка, а файл test
2020-12-28 17:02:56,695 INFO good_info.py - get_from_file - Формирование списка GoodInfoList
2020-12-28 17:02:56,709 ERROR good_info.py - __check_date - Дата поставки меньше текущей!
2020-12-28 17:02:56,709 ERROR good_info.py - get_from_file - Следующая строка не была обработана: груши Новая зеландия 1кг:60:120:2020-12-09:21

2020-12-28 17:02:56,710 ERROR good_info.py - get_from_file - Следующая строка не была обработана: капуста белокочанная 1кг:60:50:30

2020-12-28 17:02:56,710 ERROR good_info.py - get_from_file - Следующая строка не была обработана: апельсины КНР 1кг:60:120:2020-12-30:-30

2020-12-28 17:02:56,710 ERROR good_info.py - get_from_file - Следующая строка не была обработана: ::::
2020-12-28 17:02:56,710 INFO good_info.py - __getitem__ - Получение из GoodInfoList по ключу сушки 1кг.
2020-12-28 17:02:56,711 INFO good_info.py - __len__ - Длина списка: 1
2020-12-28 17:02:56,711 INFO good_info.py - check_date_manafucture_list - Проверка на истечение срока годности
2020-12-28 17:02:56,711 INFO good_info.py - get_value_info - Количество 46, средняя цена 97.95652173913044
2020-12-28 17:02:56,711 INFO good_info.py - get_std - Стандартное отклонение: 94.65772586621006
2020-12-28 17:02:56,711 INFO good_info.py - get_value_info - Количество 46, средняя цена 97.95652173913044
2020-12-28 17:02:56,711 INFO good_info.py - get_std - Стандартное отклонение: 94.65772586621006
2020-12-28 17:02:56,711 INFO good_info.py - remove_last - Удаление последнего товара из списка
2020-12-28 17:02:56,711 INFO good_info.py - remove - Удаление объекта с именем: яблоки Новая Зеландия 1кг
2020-12-28 17:02:56,711 INFO good_info.py - remove - Удаленный товар: яблоки Новая Зеландия 1кг : (Количество) 120 (Цена) 60 
                 (Дата) 2020-12-30 00:00:00 (Срок годности) 21 

2020-12-28 17:02:56,712 INFO good_info.py - __len__ - Длина списка: 45
2020-12-28 17:02:56,712 INFO good_info.py - sort - Сортировка по ключу price
2020-12-28 17:02:56,713 INFO good_info.py - remove_expensive - Удаление из списка самого дорогого товара
2020-12-28 17:02:56,713 INFO good_info.py - get_list_most_expensive - Получение списка с самыми дорогими товарами
2020-12-28 17:02:56,713 INFO good_info.py - get_list_most_expensive - Получение списка с самыми дорогими товарами
2020-12-28 17:02:56,713 INFO good_info.py - get_list_with_cheap_goods - Получение списка с самыми дешевыми товарами
2020-12-28 17:02:56,713 INFO good_info.py - get_list_ending_goods - Получение списка с заканчивающимися товарами
2020-12-28 17:02:56,713 INFO good_info.py - get_value_info - Количество 44, средняя цена 91.95454545454545
2020-12-28 17:02:56,714 INFO good_info.py - __len__ - Длина списка: 44
2020-12-28 17:02:56,714 INFO file_work.py - __del__ - Удаление объекта FileWork
2020-12-28 17:03:52,036 ERROR file_work.py - __check_is_dir - Это не папка, а файл ala
2020-12-28 17:03:52,036 INFO good_info.py - get_from_file - Формирование списка GoodInfoList
2020-12-28 17:03:52,048 ERROR good_info.py - __check_date - Дата поставки меньше текущей!
2020-12-28 17:03:52,048 ERROR good_info.py - get_from_file - Следующая строка не была обработана: груши Новая зеландия 1кг:60:120:2020-12-09:21

2020-12-28 17:03:52,049 ERROR good_info.py - get_from_file - Следующая строка не была обработана: капуста белокочанная 1кг:60:50:30

2020-12-28 17:03:52,050 ERROR good_info.py - get_from_file - Следующая строка не была обработана: апельсины КНР 1кг:60:120:2020-12-30:-30

2020-12-28 17:03:52,050 ERROR good_info.py - get_from_file - Следующая строка не была обработана: ::::
2020-12-28 17:03:52,050 INFO good_info.py - __getitem__ - Получение из GoodInfoList по ключу сушки 1кг.
2020-12-28 17:03:52,050 INFO good_info.py - __len__ - Длина списка: 1
2020-12-28 17:03:52,050 INFO good_info.py - check_date_manafucture_list - Проверка на истечение срока годности
2020-12-28 17:03:52,051 INFO good_info.py - get_value_info - Количество 46, средняя цена 97.95652173913044
2020-12-28 17:03:52,051 INFO good_info.py - get_std - Стандартное отклонение: 94.65772586621006
2020-12-28 17:03:52,051 INFO good_info.py - get_value_info - Количество 46, средняя цена 97.95652173913044
2020-12-28 17:03:52,051 INFO good_info.py - get_std - Стандартное отклонение: 94.65772586621006
2020-12-28 17:03:52,051 INFO good_info.py - remove_last - Удаление последнего товара из списка
2020-12-28 17:03:52,051 INFO good_info.py - remove - Удаление объекта с именем: яблоки Новая Зеландия 1кг
2020-12-28 17:03:52,051 INFO good_info.py - remove - Удаленный товар: яблоки Новая Зеландия 1кг : (Количество) 120 (Цена) 60 
                 (Дата) 2020-12-30 00:00:00 (Срок годности) 21 

2020-12-28 17:03:52,052 INFO good_info.py - __len__ - Длина списка: 45
2020-12-28 17:03:52,052 INFO good_info.py - sort - Сортировка по ключу price
2020-12-28 17:03:52,053 INFO good_info.py - remove_expensive - Удаление из списка самого дорогого товара
2020-12-28 17:03:52,053 INFO good_info.py - get_list_most_expensive - Получение списка с самыми дорогими товарами
2020-12-28 17:03:52,053 INFO good_info.py - get_list_most_expensive - Получение списка с самыми дорогими товарами
2020-12-28 17:03:52,053 INFO good_info.py - get_list_with_cheap_goods - Получение списка с самыми дешевыми товарами
2020-12-28 17:03:52,053 INFO good_info.py - get_list_ending_goods - Получение списка с заканчивающимися товарами
2020-12-28 17:03:52,053 INFO good_info.py - get_value_info - Количество 44, средняя цена 91.95454545454545
2020-12-28 17:03:52,054 INFO good_info.py - __len__ - Длина списка: 44
2020-12-28 17:03:52,054 INFO file_work.py - __del__ - Удаление объекта FileWork
2020-12-28 17:05:54,164 ERROR file_work.py - __check_is_dir - Это не папка, а файл test
2020-12-28 17:05:54,164 INFO good_info.py - get_from_file - Формирование списка GoodInfoList
2020-12-28 17:05:54,181 ERROR good_info.py - __check_date - Дата поставки меньше текущей!
2020-12-28 17:05:54,183 ERROR good_info.py - get_from_file - Следующая строка не была обработана: груши Новая зеландия 1кг:60:120:2020-12-09:21

2020-12-28 17:05:54,184 ERROR good_info.py - get_from_file - Следующая строка не была обработана: капуста белокочанная 1кг:60:50:30

2020-12-28 17:05:54,184 ERROR good_info.py - get_from_file - Следующая строка не была обработана: апельсины КНР 1кг:60:120:2020-12-30:-30

2020-12-28 17:05:54,184 ERROR good_info.py - get_from_file - Следующая строка не была обработана: ::::
2020-12-28 17:05:54,184 INFO good_info.py - __getitem__ - Получение из GoodInfoList по ключу сушки 1кг.
2020-12-28 17:05:54,184 INFO good_info.py - __len__ - Длина списка: 1
2020-12-28 17:05:54,185 INFO good_info.py - check_date_manafucture_list - Проверка на истечение срока годности
2020-12-28 17:05:54,185 INFO good_info.py - get_value_info - Количество 46, средняя цена 97.95652173913044
2020-12-28 17:05:54,185 INFO good_info.py - get_std - Стандартное отклонение: 94.65772586621006
2020-12-28 17:05:54,185 INFO good_info.py - get_value_info - Количество 46, средняя цена 97.95652173913044
2020-12-28 17:05:54,185 INFO good_info.py - get_std - Стандартное отклонение: 94.65772586621006
2020-12-28 17:05:54,185 INFO good_info.py - remove_last - Удаление последнего товара из списка
2020-12-28 17:05:54,185 INFO good_info.py - remove - Удаление объекта с именем: яблоки Новая Зеландия 1кг
2020-12-28 17:05:54,186 INFO good_info.py - remove - Удаленный товар: яблоки Новая Зеландия 1кг : (Количество) 120 (Цена) 60 
                 (Дата) 2020-12-30 00:00:00 (Срок годности) 21 

2020-12-28 17:05:54,186 INFO good_info.py - __len__ - Длина списка: 45
2020-12-28 17:05:54,186 INFO good_info.py - sort - Сортировка по ключу price
2020-12-28 17:05:54,187 INFO good_info.py - remove_expensive - Удаление из списка самого дорогого товара
2020-12-28 17:05:54,187 INFO good_info.py - get_list_most_expensive - Получение списка с самыми дорогими товарами
2020-12-28 17:05:54,187 INFO good_info.py - get_list_most_expensive - Получение списка с самыми дорогими товарами
2020-12-28 17:05:54,187 INFO good_info.py - get_list_with_cheap_goods - Получение списка с самыми дешевыми товарами
2020-12-28 17:05:54,188 INFO good_info.py - get_list_ending_goods - Получение списка с заканчивающимися товарами
2020-12-28 17:05:54,188 INFO good_info.py - get_value_info - Количество 44, средняя цена 91.95454545454545
2020-12-28 17:05:54,188 INFO good_info.py - __len__ - Длина списка: 44
2020-12-28 17:05:54,189 INFO file_work.py - __del__ - Удаление объекта FileWork
2020-12-28 17:12:51,035 ERROR file_work.py - __check_is_dir - Это не папка, а файл test
2020-12-28 17:12:51,040 INFO good_info.py - get_from_file - Формирование списка GoodInfoList
2020-12-28 17:12:51,052 ERROR good_info.py - __check_date - Дата поставки меньше текущей!
2020-12-28 17:12:51,056 ERROR good_info.py - get_from_file - Следующая строка не была обработана: груши Новая зеландия 1кг:60:120:2020-12-09:21

2020-12-28 17:12:51,058 ERROR good_info.py - get_from_file - Следующая строка не была обработана: капуста белокочанная 1кг:60:50:30

2020-12-28 17:12:51,058 ERROR good_info.py - get_from_file - Следующая строка не была обработана: апельсины КНР 1кг:60:120:2020-12-30:-30

2020-12-28 17:12:51,058 ERROR good_info.py - get_from_file - Следующая строка не была обработана: ::::
2020-12-28 17:12:51,058 INFO good_info.py - __getitem__ - Получение из GoodInfoList по ключу сушки 1кг.
2020-12-28 17:12:51,059 INFO good_info.py - __len__ - Длина списка: 1
2020-12-28 17:12:51,059 INFO good_info.py - check_date_manafucture_list - Проверка на истечение срока годности
2020-12-28 17:12:51,059 INFO good_info.py - get_value_info - Количество 46, средняя цена 97.95652173913044
2020-12-28 17:12:51,059 INFO good_info.py - get_std - Стандартное отклонение: 94.65772586621006
2020-12-28 17:12:51,060 INFO good_info.py - get_value_info - Количество 46, средняя цена 97.95652173913044
2020-12-28 17:12:51,060 INFO good_info.py - get_std - Стандартное отклонение: 94.65772586621006
2020-12-28 17:12:51,060 INFO good_info.py - remove_last - Удаление последнего товара из списка
2020-12-28 17:12:51,060 INFO good_info.py - remove - Удаление объекта с именем: яблоки Новая Зеландия 1кг
2020-12-28 17:12:51,060 INFO good_info.py - remove - Удаленный товар: яблоки Новая Зеландия 1кг : (Количество) 120 (Цена) 60 
                 (Дата) 2020-12-30 00:00:00 (Срок годности) 21 

2020-12-28 17:12:51,060 INFO good_info.py - __len__ - Длина списка: 45
2020-12-28 17:12:51,060 INFO good_info.py - sort - Сортировка по ключу price
2020-12-28 17:12:51,062 INFO good_info.py - remove_expensive - Удаление из списка самого дорогого товара
2020-12-28 17:12:51,062 INFO good_info.py - get_list_most_expensive - Получение списка с самыми дорогими товарами
2020-12-28 17:12:51,062 INFO good_info.py - get_list_most_expensive - Получение списка с самыми дорогими товарами
2020-12-28 17:12:51,063 INFO good_info.py - get_list_with_cheap_goods - Получение списка с самыми дешевыми товарами
2020-12-28 17:12:51,063 INFO good_info.py - get_list_ending_goods - Получение списка с заканчивающимися товарами
2020-12-28 17:12:51,063 INFO good_info.py - get_value_info - Количество 44, средняя цена 91.95454545454545
2020-12-28 17:12:51,064 INFO good_info.py - __len__ - Длина списка: 44
2020-12-28 17:12:51,065 INFO file_work.py - __del__ - Удаление объекта FileWork
2020-12-28 17:18:34,988 ERROR file_work.py - __check_is_dir - Это не папка, а файл test
2020-12-28 17:18:34,989 INFO good_info.py - get_from_file - Формирование списка GoodInfoList
2020-12-28 17:18:34,999 ERROR good_info.py - __check_date - Дата поставки меньше текущей!
2020-12-28 17:18:34,999 ERROR good_info.py - get_from_file - Следующая строка не была обработана: груши Новая зеландия 1кг:60:120:2020-12-09:21

2020-12-28 17:18:35,001 ERROR good_info.py - get_from_file - Следующая строка не была обработана: капуста белокочанная 1кг:60:50:30

2020-12-28 17:18:35,003 ERROR good_info.py - get_from_file - Следующая строка не была обработана: апельсины КНР 1кг:60:120:2020-12-30:-30

2020-12-28 17:18:35,003 ERROR good_info.py - get_from_file - Следующая строка не была обработана: ::::
2020-12-28 17:18:35,003 INFO good_info.py - __getitem__ - Получение из GoodInfoList по ключу сушки 1кг.
2020-12-28 17:18:35,004 INFO good_info.py - __len__ - Длина списка: 1
2020-12-28 17:18:35,004 INFO good_info.py - check_date_manafucture_list - Проверка на истечение срока годности
2020-12-28 17:18:35,005 INFO good_info.py - get_value_info - Количество 46, средняя цена 97.95652173913044
2020-12-28 17:18:35,005 INFO good_info.py - get_std - Стандартное отклонение: 94.65772586621006
2020-12-28 17:18:35,005 INFO good_info.py - get_value_info - Количество 46, средняя цена 97.95652173913044
2020-12-28 17:18:35,006 INFO good_info.py - get_std - Стандартное отклонение: 94.65772586621006
2020-12-28 17:18:35,008 INFO good_info.py - remove_last - Удаление последнего товара из списка
2020-12-28 17:18:35,009 INFO good_info.py - remove - Удаление объекта с именем: яблоки Новая Зеландия 1кг
2020-12-28 17:18:35,009 INFO good_info.py - remove - Удаленный товар: яблоки Новая Зеландия 1кг : (Количество) 120 (Цена) 60 
                 (Дата) 2020-12-30 00:00:00 (Срок годности) 21 

2020-12-28 17:18:35,009 INFO good_info.py - __len__ - Длина списка: 45
2020-12-28 17:18:35,010 INFO good_info.py - sort - Сортировка по ключу price
2020-12-28 17:18:35,015 INFO good_info.py - remove_expensive - Удаление из списка самого дорогого товара
2020-12-28 17:18:35,015 INFO good_info.py - get_list_most_expensive - Получение списка с самыми дорогими товарами
2020-12-28 17:18:35,016 INFO good_info.py - get_list_most_expensive - Получение списка с самыми дорогими товарами
2020-12-28 17:18:35,016 INFO good_info.py - get_list_with_cheap_goods - Получение списка с самыми дешевыми товарами
2020-12-28 17:18:35,016 INFO good_info.py - get_list_ending_goods - Получение списка с заканчивающимися товарами
2020-12-28 17:18:35,016 INFO good_info.py - get_value_info - Количество 44, средняя цена 91.95454545454545
2020-12-28 17:18:35,017 INFO good_info.py - __len__ - Длина списка: 44
2020-12-28 17:18:35,019 INFO file_work.py - __del__ - Удаление объекта FileWork
2020-12-28 17:44:03,330 INFO file_work.py - __del__ - Удаление объекта FileWork
2020-12-28 17:45:52,716 INFO good_info.py - get_from_file - Формирование списка GoodInfoList
2020-12-28 17:45:52,732 ERROR good_info.py - __check_date - Дата поставки меньше текущей!
2020-12-28 17:45:52,733 ERROR good_info.py - get_from_file - Следующая строка не была обработана: груши Новая зеландия 1кг:60:120:2020-12-09:21

2020-12-28 17:45:52,734 ERROR good_info.py - get_from_file - Следующая строка не была обработана: капуста белокочанная 1кг:60:50:30

2020-12-28 17:45:52,734 ERROR good_info.py - get_from_file - Следующая строка не была обработана: апельсины КНР 1кг:60:120:2020-12-30:-30

2020-12-28 17:45:52,734 ERROR good_info.py - get_from_file - Следующая строка не была обработана: ::::
2020-12-28 17:45:52,734 INFO good_info.py - __getitem__ - Получение из GoodInfoList по ключу сушки 1кг.
2020-12-28 17:45:52,734 INFO good_info.py - __len__ - Длина списка: 1
2020-12-28 17:45:52,734 INFO good_info.py - check_date_manafucture_list - Проверка на истечение срока годности
2020-12-28 17:45:52,735 INFO good_info.py - get_value_info - Количество 46, средняя цена 97.95652173913044
2020-12-28 17:45:52,735 INFO good_info.py - get_std - Стандартное отклонение: 94.65772586621006
2020-12-28 17:45:52,735 INFO good_info.py - get_value_info - Количество 46, средняя цена 97.95652173913044
2020-12-28 17:45:52,735 INFO good_info.py - get_std - Стандартное отклонение: 94.65772586621006
2020-12-28 17:45:52,735 INFO good_info.py - remove_last - Удаление последнего товара из списка
2020-12-28 17:45:52,735 INFO good_info.py - remove - Удаление объекта с именем: яблоки Новая Зеландия 1кг
2020-12-28 17:45:52,735 INFO good_info.py - remove - Удаленный товар: яблоки Новая Зеландия 1кг : (Количество) 120 (Цена) 60 
                 (Дата) 2020-12-30 00:00:00 (Срок годности) 21 

2020-12-28 17:45:52,735 INFO good_info.py - __len__ - Длина списка: 45
2020-12-28 17:45:52,735 INFO good_info.py - sort - Сортировка по ключу price
2020-12-28 17:45:52,737 INFO good_info.py - remove_expensive - Удаление из списка самого дорогого товара
2020-12-28 17:45:52,737 INFO good_info.py - get_list_most_expensive - Получение списка с самыми дорогими товарами
2020-12-28 17:45:52,737 INFO good_info.py - get_list_most_expensive - Получение списка с самыми дорогими товарами
2020-12-28 17:45:52,737 INFO good_info.py - get_list_with_cheap_goods - Получение списка с самыми дешевыми товарами
2020-12-28 17:45:52,737 INFO good_info.py - get_list_ending_goods - Получение списка с заканчивающимися товарами
2020-12-28 17:45:52,737 INFO good_info.py - get_value_info - Количество 44, средняя цена 91.95454545454545
2020-12-28 17:45:52,738 INFO good_info.py - __len__ - Длина списка: 44
2020-12-28 17:45:52,738 INFO file_work.py - __del__ - Удаление объекта FileWork
2020-12-28 17:46:18,236 ERROR file_work.py - save_in_directory - Вы указали файл, а не папку
2020-12-28 17:46:18,236 INFO good_info.py - get_from_file - Формирование списка GoodInfoList
2020-12-28 17:46:18,249 ERROR good_info.py - __check_date - Дата поставки меньше текущей!
2020-12-28 17:46:18,250 ERROR good_info.py - get_from_file - Следующая строка не была обработана: груши Новая зеландия 1кг:60:120:2020-12-09:21

2020-12-28 17:46:18,252 ERROR good_info.py - get_from_file - Следующая строка не была обработана: капуста белокочанная 1кг:60:50:30

2020-12-28 17:46:18,253 ERROR good_info.py - get_from_file - Следующая строка не была обработана: апельсины КНР 1кг:60:120:2020-12-30:-30

2020-12-28 17:46:18,253 ERROR good_info.py - get_from_file - Следующая строка не была обработана: ::::
2020-12-28 17:46:18,253 INFO good_info.py - __getitem__ - Получение из GoodInfoList по ключу сушки 1кг.
2020-12-28 17:46:18,253 INFO good_info.py - __len__ - Длина списка: 1
2020-12-28 17:46:18,254 INFO good_info.py - check_date_manafucture_list - Проверка на истечение срока годности
2020-12-28 17:46:18,254 INFO good_info.py - get_value_info - Количество 46, средняя цена 97.95652173913044
2020-12-28 17:46:18,254 INFO good_info.py - get_std - Стандартное отклонение: 94.65772586621006
2020-12-28 17:46:18,254 INFO good_info.py - get_value_info - Количество 46, средняя цена 97.95652173913044
2020-12-28 17:46:18,254 INFO good_info.py - get_std - Стандартное отклонение: 94.65772586621006
2020-12-28 17:46:18,255 INFO good_info.py - remove_last - Удаление последнего товара из списка
2020-12-28 17:46:18,255 INFO good_info.py - remove - Удаление объекта с именем: яблоки Новая Зеландия 1кг
2020-12-28 17:46:18,255 INFO good_info.py - remove - Удаленный товар: яблоки Новая Зеландия 1кг : (Количество) 120 (Цена) 60 
                 (Дата) 2020-12-30 00:00:00 (Срок годности) 21 

2020-12-28 17:46:18,255 INFO good_info.py - __len__ - Длина списка: 45
2020-12-28 17:46:18,255 INFO good_info.py - sort - Сортировка по ключу price
2020-12-28 17:46:18,258 INFO good_info.py - remove_expensive - Удаление из списка самого дорогого товара
2020-12-28 17:46:18,258 INFO good_info.py - get_list_most_expensive - Получение списка с самыми дорогими товарами
2020-12-28 17:46:18,259 INFO good_info.py - get_list_most_expensive - Получение списка с самыми дорогими товарами
2020-12-28 17:46:18,259 INFO good_info.py - get_list_with_cheap_goods - Получение списка с самыми дешевыми товарами
2020-12-28 17:46:18,260 INFO good_info.py - get_list_ending_goods - Получение списка с заканчивающимися товарами
2020-12-28 17:46:18,260 INFO good_info.py - get_value_info - Количество 44, средняя цена 91.95454545454545
2020-12-28 17:46:18,260 INFO good_info.py - __len__ - Длина списка: 44
2020-12-28 17:46:18,265 INFO file_work.py - __del__ - Удаление объекта FileWork
